<?xml version="1.0" encoding="UTF-8"?>
<!-- Generated by org.testng.reporters.JUnitReportReporter -->
<testsuite hostname="LAPTOP-LLFOGGVK" failures="0" tests="1" name="com.ritm.testcases.LoginUser" time="4.989" errors="0" timestamp="2022-07-28T12:46:30 IST" skipped="0">
  <testcase classname="com.ritm.testcases.LoginUser" name="Login" time="4.989"/>
  <system-out/>
</testsuite> <!-- com.ritm.testcases.LoginUser -->
